0 info it worked if it ends with ok
1 verbose cli [ '/usr/local/bin/node', '/usr/local/bin/npm', 'publish' ]
2 info using npm@3.10.6
3 info using node@v4.4.7
4 verbose publish [ '.' ]
5 silly cache add args [ '.', null ]
6 verbose cache add spec .
7 silly cache add parsed spec Result {
7 silly cache add   raw: '.',
7 silly cache add   scope: null,
7 silly cache add   escapedName: null,
7 silly cache add   name: null,
7 silly cache add   rawSpec: '.',
7 silly cache add   spec: '/Users/BondGoat/Documents/Projects/ReactNative/react-native-hunterslog-media-picker',
7 silly cache add   type: 'directory' }
8 verbose addLocalDirectory /Users/BondGoat/.npm/react-native-hunterslog-media-picker/1.7.8/package.tgz not in flight; packing
9 verbose correctMkdir /Users/BondGoat/.npm correctMkdir not in flight; initializing
10 info lifecycle react-native-hunterslog-media-picker@1.7.8~prepublish: react-native-hunterslog-media-picker@1.7.8
11 silly lifecycle react-native-hunterslog-media-picker@1.7.8~prepublish: no script for prepublish, continuing
12 verbose tar pack [ '/Users/BondGoat/.npm/react-native-hunterslog-media-picker/1.7.8/package.tgz',
12 verbose tar pack   '/Users/BondGoat/Documents/Projects/ReactNative/react-native-hunterslog-media-picker' ]
13 verbose tarball /Users/BondGoat/.npm/react-native-hunterslog-media-picker/1.7.8/package.tgz
14 verbose folder /Users/BondGoat/Documents/Projects/ReactNative/react-native-hunterslog-media-picker
15 verbose addLocalTarball adding from inside cache /Users/BondGoat/.npm/react-native-hunterslog-media-picker/1.7.8/package.tgz
16 verbose correctMkdir /Users/BondGoat/.npm correctMkdir not in flight; initializing
17 silly cache afterAdd react-native-hunterslog-media-picker@1.7.8
18 verbose afterAdd /Users/BondGoat/.npm/react-native-hunterslog-media-picker/1.7.8/package/package.json not in flight; writing
19 verbose correctMkdir /Users/BondGoat/.npm correctMkdir not in flight; initializing
20 verbose afterAdd /Users/BondGoat/.npm/react-native-hunterslog-media-picker/1.7.8/package/package.json written
21 silly publish { name: 'react-native-hunterslog-media-picker',
21 silly publish   version: '1.7.8',
21 silly publish   description: 'React Native Media Picker component used only for HuntersLog Project. Any modifying is illegal.',
21 silly publish   main: 'index',
21 silly publish   repository:
21 silly publish    { type: 'git',
21 silly publish      url: 'git+https://github.com/BondGoat/react-native-hunterslog-media-picker.git' },
21 silly publish   keywords:
21 silly publish    [ 'react-native-component',
21 silly publish      'react-component',
21 silly publish      'react-native',
21 silly publish      'photo',
21 silly publish      'video',
21 silly publish      'picker',
21 silly publish      'photo picker',
21 silly publish      'video picker' ],
21 silly publish   author: { name: 'Bond G. Nguyen' },
21 silly publish   license: 'TMA-FALCO',
21 silly publish   bugs: { url: 'https://github.com/BondGoat/react-native-hunterslog-media-picker/issues' },
21 silly publish   peerDependencies: { 'react-native': '>=0.30.0' },
21 silly publish   homepage: 'https://github.com/BondGoat/react-native-hunterslog-media-picker/blob/master/README.md',
21 silly publish   readme: '# react-native-hunterslog-media-picker\nReact Native Media Picker component, only used in Hunterslog Project. Do not copy or modify in any circumstances.\n\n## Table of contents\n- [Install](#install)\n  - [iOS](#ios)\n  - [Android](#android)\n- [Usage](#usage)\n\n## Install\n\n`npm install react-native-hunterslog-media-picker --save`\n\nUse [rnpm](https://github.com/rnpm/rnpm) to automatically complete the installation:  \n`rnpm link react-native-hunterslog-media-picker`\n\nor link manually like so:\n\n### iOS\n\n\n### Android\n```gradle\n// file: android/settings.gradle\n...\n\ninclude \':react-native-hunterslog-media-picker\'\nproject(\':react-native-hunterslog-media-picker\').projectDir = new File(settingsDir, \'../node_modules/react-native-hunterslog-media-picker/android\')\n```\n```gradle\n// file: android/app/build.gradle\n...\n\ndependencies {\n    ...\n    compile project(\':react-native-hunterslog-media-picker\')\n}\n```\n```xml\n<!-- file: android/app/src/main/AndroidManifest.xml -->\n<manifest ...>\n\n\t...\n    <uses-permission android:name="android.permission.READ_EXTERNAL_STORAGE" />\n    <uses-permission android:name="android.permission.WRITE_EXTERNAL_STORAGE" />\n\n    <application...>\n    \t...\n        <activity android:name="com.falco.mediapicker.MediaPickerActivity" android:screenOrientation="portrait"/>\n        ...\n    </application>\n    ...\n```\n```java\n// file: android/app/src/main/java/com/<...>/MainApplication.java\n...\n\nimport com.falco.mediapicker.MediaHunterslogPickerPackage; // <-- add this import\n\npublic class MainApplication extends Application implements ReactApplication {\n    @Override\n    protected List<ReactPackage> getPackages() {\n        return Arrays.<ReactPackage>asList(\n            new MainReactPackage(),\n            new MediaHunterslogPickerPackage() // <-- add this line\n        );\n    }\n...\n}\n\n```\n## Usage\n\n```javascript\nvar Platform = require(\'react-native\').Platform;\nvar MediaPicker = require(\'react-native-hunterslog-media-picker\');\n\n/**\n * The method will launch native module\n * @params {Int} max_photo Max number of photo can be uploaded\n * @params {Int} max_video Max number of video can be uploaded\n * @params {Int} max_video_duration Maximun seconds a video can be captured\n * @params {Object} selectedMedia List of selected media, used in case Edit or go back from Create post after\n * selected some photos, videos\n */\nMediaPicker.showMediaPicker(max_photo, max_video, max_video_duration, selectedMedia, (response) => {\n// Data is an Array of selected media\n  console.log(\'Response = \', response);\n\n  ...\n\n});\n```\n```Response Model\n[{\'Location\':{\'Lat\':10.254,\'Lng\':101.5458},\'Url\':\'file:///storage/...\',\'ThumbUrl\':\'base64String\'},{\'Location\':{\'Lat\':10.254,\'Lng\':101.5458},\'Url\':\'file:///storage/...\',\'ThumbUrl\':\'base64String\'},...]\n```\n\nThe format of media file will be \'file:///storage...\' for Android, put it in Image tag:\n```javascript\n<Image source={this.state.avatarSource} style={styles.uploadAvatar} />\n```\n',
21 silly publish   readmeFilename: 'README.md',
21 silly publish   gitHead: 'ad6b6606fb358e0f268557d759bb989391bf040a',
21 silly publish   _id: 'react-native-hunterslog-media-picker@1.7.8',
21 silly publish   scripts: {},
21 silly publish   _shasum: '986af111bd1530853ec1cad433abc4b3b345b086',
21 silly publish   _from: '.' }
22 verbose getPublishConfig undefined
23 silly mapToRegistry name react-native-hunterslog-media-picker
24 silly mapToRegistry using default registry
25 silly mapToRegistry registry https://registry.npmjs.org/
26 silly mapToRegistry data Result {
26 silly mapToRegistry   raw: 'react-native-hunterslog-media-picker',
26 silly mapToRegistry   scope: null,
26 silly mapToRegistry   escapedName: 'react-native-hunterslog-media-picker',
26 silly mapToRegistry   name: 'react-native-hunterslog-media-picker',
26 silly mapToRegistry   rawSpec: '',
26 silly mapToRegistry   spec: 'latest',
26 silly mapToRegistry   type: 'tag' }
27 silly mapToRegistry uri https://registry.npmjs.org/react-native-hunterslog-media-picker
28 verbose publish registryBase https://registry.npmjs.org/
29 silly publish uploading /Users/BondGoat/.npm/react-native-hunterslog-media-picker/1.7.8/package.tgz
30 verbose request uri https://registry.npmjs.org/react-native-hunterslog-media-picker
31 verbose request sending authorization for write operation
32 info attempt registry request try #1 at 7:01:00 PM
33 verbose request using bearer token for auth
34 verbose request id 1b7737f96c858ec5
35 http request PUT https://registry.npmjs.org/react-native-hunterslog-media-picker
36 http 403 https://registry.npmjs.org/react-native-hunterslog-media-picker
37 verbose headers { 'content-type': 'application/json',
37 verbose headers   'cache-control': 'max-age=300',
37 verbose headers   'content-length': '95',
37 verbose headers   'accept-ranges': 'bytes',
37 verbose headers   date: 'Mon, 26 Sep 2016 12:01:03 GMT',
37 verbose headers   via: '1.1 varnish',
37 verbose headers   connection: 'keep-alive',
37 verbose headers   'x-served-by': 'cache-hkg6821-HKG',
37 verbose headers   'x-cache': 'MISS',
37 verbose headers   'x-cache-hits': '0',
37 verbose headers   'x-timer': 'S1474891260.514066,VS0,VE2881',
37 verbose headers   vary: 'Accept-Encoding' }
38 verbose request invalidating /Users/BondGoat/.npm/registry.npmjs.org/react-native-hunterslog-media-picker on PUT
39 error publish Failed PUT 403
40 verbose stack Error: "You cannot publish over the previously published version 1.7.8." : react-native-hunterslog-media-picker
40 verbose stack     at makeError (/usr/local/lib/node_modules/npm/node_modules/npm-registry-client/lib/request.js:264:12)
40 verbose stack     at CachingRegistryClient.<anonymous> (/usr/local/lib/node_modules/npm/node_modules/npm-registry-client/lib/request.js:252:14)
40 verbose stack     at Request._callback (/usr/local/lib/node_modules/npm/node_modules/npm-registry-client/lib/request.js:172:14)
40 verbose stack     at Request.self.callback (/usr/local/lib/node_modules/npm/node_modules/request/request.js:200:22)
40 verbose stack     at emitTwo (events.js:87:13)
40 verbose stack     at Request.emit (events.js:172:7)
40 verbose stack     at Request.<anonymous> (/usr/local/lib/node_modules/npm/node_modules/request/request.js:1067:10)
40 verbose stack     at emitOne (events.js:82:20)
40 verbose stack     at Request.emit (events.js:169:7)
40 verbose stack     at IncomingMessage.<anonymous> (/usr/local/lib/node_modules/npm/node_modules/request/request.js:988:12)
41 verbose statusCode 403
42 verbose pkgid react-native-hunterslog-media-picker
43 verbose cwd /Users/BondGoat/Documents/Projects/ReactNative/react-native-hunterslog-media-picker
44 error Darwin 15.6.0
45 error argv "/usr/local/bin/node" "/usr/local/bin/npm" "publish"
46 error node v4.4.7
47 error npm  v3.10.6
48 error code E403
49 error "You cannot publish over the previously published version 1.7.8." : react-native-hunterslog-media-picker
50 error If you need help, you may report this error at:
50 error     <https://github.com/npm/npm/issues>
51 verbose exit [ 1, true ]
